<?xml version="1.0" encoding="UTF-8"?>
<testsuite name="mod2les54.PathCutterTest" tests="2" skipped="0" failures="0" errors="0" timestamp="2023-06-27T10:54:08" hostname="DESKTOP-MK11D5O" time="0.005">
  <properties/>
  <testcase name="Тест выделения пути до файла со слешем" classname="mod2les54.PathCutterTest" time="0.002"/>
  <testcase name="Тест выделения пути до файла с обратным слэшем" classname="mod2les54.PathCutterTest" time="0.002"/>
  <system-out><![CDATA[C:\ProgramFiles\Java\bin\java
]]></system-out>
  <system-err><![CDATA[]]></system-err>
</testsuite>
