<?xml version="1.0" encoding="UTF-8"?>
<testsuite name="mod2les54.LettersCounterTest" tests="1" skipped="0" failures="0" errors="0" timestamp="2023-06-21T18:32:30" hostname="DESKTOP-MK11D5O" time="0.011">
  <properties/>
  <testcase name="Тест подсчета буквы в фразе" classname="mod2les54.LettersCounterTest" time="0.011"/>
  <system-out><![CDATA[]]></system-out>
  <system-err><![CDATA[]]></system-err>
</testsuite>
